C:\Program Files (x86)\Microsoft Visual Studio\2017\Community\Common7\IDE\VC\VCTargets\Microsoft.CppBuild.targets(391,5): warning MSB8028: The intermediate directory (x64\Release\) contains files shared from another project (ExampleMod.vcxproj).  This can lead to incorrect clean and rebuild behavior.
  ExampleMod.cpp
d:\projects\satisfactory\dev\satisfactorymodloader\satisfactorymodloader\util\fkey.h(77): warning C4667: 'void SML::Objects::subscribe(std::function<const SML::Objects::FString *(SML::Mod::Functions::ModReturns *,C *)>)': no function template defined that matches forced instantiation
          with
          [
              C=SML::Objects::FText
          ]
d:\projects\satisfactory\dev\satisfactorymodloader\satisfactorymodloader\memory\memoryobject.h(43): warning C4251: 'SML::MemoryObject::bytes': class 'std::vector<uint8_t,std::allocator<_Ty>>' needs to have dll-interface to be used by clients of class 'SML::MemoryObject'
          with
          [
              _Ty=uint8_t
          ]
  d:\projects\satisfactory\dev\satisfactorymodloader\satisfactorymodloader\util\json.hpp(19229): note: see declaration of 'std::vector<uint8_t,std::allocator<_Ty>>'
          with
          [
              _Ty=uint8_t
          ]
     Creating library D:\Projects\Satisfactory\Dev\SatisfactoryModLoader\x64\Release\CustomInventorySize.lib and object D:\Projects\Satisfactory\Dev\SatisfactoryModLoader\x64\Release\CustomInventorySize.exp
  LINK : /LTCG specified but no code generation required; remove /LTCG from the link command line to improve linker performance
  BaseMod.vcxproj -> D:\Projects\Satisfactory\Dev\SatisfactoryModLoader\x64\Release\CustomInventorySize.dll
